0 info it worked if it ends with ok
1 verbose cli [ '/usr/local/bin/node',
1 verbose cli   '/usr/local/bin/npm',
1 verbose cli   'install',
1 verbose cli   'less',
1 verbose cli   '-g' ]
2 info using npm@1.4.14
3 info using node@v0.10.29
4 verbose cache add [ 'less', null ]
5 verbose cache add name=undefined spec="less" args=["less",null]
6 verbose parsed url { protocol: null,
6 verbose parsed url   slashes: null,
6 verbose parsed url   auth: null,
6 verbose parsed url   host: null,
6 verbose parsed url   port: null,
6 verbose parsed url   hostname: null,
6 verbose parsed url   hash: null,
6 verbose parsed url   search: null,
6 verbose parsed url   query: null,
6 verbose parsed url   pathname: 'less',
6 verbose parsed url   path: 'less',
6 verbose parsed url   href: 'less' }
7 silly lockFile 0b439cf4-less less
8 verbose lock less /Users/Lucy/.npm/0b439cf4-less.lock
9 silly lockFile 0b439cf4-less less
10 silly lockFile 0b439cf4-less less
11 verbose addNamed [ 'less', '' ]
12 verbose addNamed [ null, '*' ]
13 silly lockFile e13833ab-less less@
14 verbose lock less@ /Users/Lucy/.npm/e13833ab-less.lock
15 silly addNameRange { name: 'less', range: '*', hasData: false }
16 verbose url raw less
17 verbose url resolving [ 'https://registry.npmjs.org/', './less' ]
18 verbose url resolved https://registry.npmjs.org/less
19 info trying registry request attempt 1 at 13:56:39
20 verbose etag "BVYJESOSNGMGZABCHM0YIQELC"
21 http GET https://registry.npmjs.org/less
22 http 304 https://registry.npmjs.org/less
23 silly registry.get cb [ 304,
23 silly registry.get   { date: 'Thu, 17 Jul 2014 17:56:40 GMT',
23 silly registry.get     server: 'Apache',
23 silly registry.get     via: '1.1 varnish',
23 silly registry.get     'last-modified': 'Thu, 17 Jul 2014 17:56:40 GMT',
23 silly registry.get     'cache-control': 'max-age=30',
23 silly registry.get     etag: '"BVYJESOSNGMGZABCHM0YIQELC"',
23 silly registry.get     'x-served-by': 'cache-iad2125-IAD',
23 silly registry.get     'x-cache': 'HIT',
23 silly registry.get     'x-cache-hits': '1',
23 silly registry.get     'x-timer': 'S1405619800.881688,VS0,VE9',
23 silly registry.get     vary: 'Accept',
23 silly registry.get     'content-length': '0',
23 silly registry.get     'keep-alive': 'timeout=10, max=50',
23 silly registry.get     connection: 'Keep-Alive' } ]
24 verbose etag less from cache
25 silly addNameRange number 2 { name: 'less', range: '*', hasData: true }
26 silly addNameRange versions [ 'less',
26 silly addNameRange   [ '1.0.10',
26 silly addNameRange     '1.0.11',
26 silly addNameRange     '1.0.14',
26 silly addNameRange     '1.0.18',
26 silly addNameRange     '1.0.19',
26 silly addNameRange     '1.0.21',
26 silly addNameRange     '1.0.32',
26 silly addNameRange     '1.0.36',
26 silly addNameRange     '1.0.5',
26 silly addNameRange     '1.0.40',
26 silly addNameRange     '1.0.41',
26 silly addNameRange     '1.0.44',
26 silly addNameRange     '1.1.0',
26 silly addNameRange     '1.1.1',
26 silly addNameRange     '1.1.2',
26 silly addNameRange     '1.1.4',
26 silly addNameRange     '1.1.5',
26 silly addNameRange     '1.1.6',
26 silly addNameRange     '1.2.0',
26 silly addNameRange     '1.2.1',
26 silly addNameRange     '1.2.2',
26 silly addNameRange     '1.3.0',
26 silly addNameRange     '1.3.1',
26 silly addNameRange     '1.3.2',
26 silly addNameRange     '1.3.3',
26 silly addNameRange     '1.4.0-b1',
26 silly addNameRange     '1.4.0-b2',
26 silly addNameRange     '1.4.0-b3',
26 silly addNameRange     '1.4.0-b4',
26 silly addNameRange     '1.4.0',
26 silly addNameRange     '1.4.1',
26 silly addNameRange     '1.4.2',
26 silly addNameRange     '1.5.0-b1',
26 silly addNameRange     '1.5.0-b2',
26 silly addNameRange     '1.5.0-b3',
26 silly addNameRange     '1.5.0-b4',
26 silly addNameRange     '1.5.0',
26 silly addNameRange     '1.5.1',
26 silly addNameRange     '1.6.0',
26 silly addNameRange     '1.6.1',
26 silly addNameRange     '1.6.2',
26 silly addNameRange     '1.6.3',
26 silly addNameRange     '1.7.0',
26 silly addNameRange     '1.7.1',
26 silly addNameRange     '1.7.3' ] ]
27 verbose addNamed [ 'less', '1.7.3' ]
28 verbose addNamed [ '1.7.3', '1.7.3' ]
29 silly lockFile aea7864b-less-1-7-3 less@1.7.3
30 verbose lock less@1.7.3 /Users/Lucy/.npm/aea7864b-less-1-7-3.lock
31 silly lockFile 9e251649-ry-npmjs-org-less-less-1-7-3-tgz https://registry.npmjs.org/less/-/less-1.7.3.tgz
32 verbose lock https://registry.npmjs.org/less/-/less-1.7.3.tgz /Users/Lucy/.npm/9e251649-ry-npmjs-org-less-less-1-7-3-tgz.lock
33 verbose addRemoteTarball [ 'https://registry.npmjs.org/less/-/less-1.7.3.tgz',
33 verbose addRemoteTarball   '89acc0e8adcdb1934aa21c7611d35b97b52652a6' ]
34 info retry fetch attempt 1 at 13:56:41
35 verbose fetch to= /var/folders/8m/1lky60217xj210l36mvq1pcw0000gn/T/npm-3604-ypl03WK2/registry.npmjs.org/less/-/less-1.7.3.tgz
36 http GET https://registry.npmjs.org/less/-/less-1.7.3.tgz
37 http 200 https://registry.npmjs.org/less/-/less-1.7.3.tgz
38 silly lockFile 9e251649-ry-npmjs-org-less-less-1-7-3-tgz https://registry.npmjs.org/less/-/less-1.7.3.tgz
39 silly lockFile 9e251649-ry-npmjs-org-less-less-1-7-3-tgz https://registry.npmjs.org/less/-/less-1.7.3.tgz
40 silly lockFile aea7864b-less-1-7-3 less@1.7.3
41 silly lockFile aea7864b-less-1-7-3 less@1.7.3
42 silly lockFile e13833ab-less less@
43 silly lockFile e13833ab-less less@
44 silly resolved [ { name: 'less',
44 silly resolved     version: '1.7.3',
44 silly resolved     description: 'Leaner CSS',
44 silly resolved     homepage: 'http://lesscss.org',
44 silly resolved     author: { name: 'Alexis Sellier', email: 'self@cloudhead.net' },
44 silly resolved     contributors: [ [Object] ],
44 silly resolved     bugs: { url: 'https://github.com/less/less.js/issues' },
44 silly resolved     repository: { type: 'git', url: 'https://github.com/less/less.js.git' },
44 silly resolved     licenses: [ [Object] ],
44 silly resolved     bin: { lessc: './bin/lessc' },
44 silly resolved     main: './lib/less/index',
44 silly resolved     directories: { test: './test' },
44 silly resolved     jam: { main: './dist/less-1.6.3.js' },
44 silly resolved     engines: { node: '>=0.8.0' },
44 silly resolved     scripts: { test: 'grunt test' },
44 silly resolved     optionalDependencies:
44 silly resolved      { 'graceful-fs': '~2.0.3',
44 silly resolved        mime: '~1.2.11',
44 silly resolved        request: '~2.34.0',
44 silly resolved        mkdirp: '~0.3.5',
44 silly resolved        'clean-css': '2.1.x',
44 silly resolved        'source-map': '0.1.x' },
44 silly resolved     devDependencies:
44 silly resolved      { diff: '~1.0',
44 silly resolved        grunt: '~0.4.2',
44 silly resolved        'grunt-contrib-clean': '~0.5.0',
44 silly resolved        'grunt-contrib-concat': '~0.4.0',
44 silly resolved        'grunt-contrib-connect': '~0.7.0',
44 silly resolved        'grunt-contrib-jasmine': '~0.5.2',
44 silly resolved        'grunt-contrib-jshint': '~0.10.0',
44 silly resolved        'grunt-contrib-uglify': '~0.4.0',
44 silly resolved        'grunt-shell': '~0.7.0',
44 silly resolved        'http-server': '~0.6.1',
44 silly resolved        matchdep: '~0.3.0',
44 silly resolved        'time-grunt': '~0.3.1' },
44 silly resolved     keywords:
44 silly resolved      [ 'compile less',
44 silly resolved        'css nesting',
44 silly resolved        'css variable',
44 silly resolved        'css',
44 silly resolved        'gradients css',
44 silly resolved        'gradients css3',
44 silly resolved        'less compiler',
44 silly resolved        'less css',
44 silly resolved        'less mixins',
44 silly resolved        'less',
44 silly resolved        'less.js',
44 silly resolved        'lesscss',
44 silly resolved        'mixins',
44 silly resolved        'nested css',
44 silly resolved        'parser',
44 silly resolved        'preprocessor',
44 silly resolved        'bootstrap css',
44 silly resolved        'bootstrap less',
44 silly resolved        'style',
44 silly resolved        'styles',
44 silly resolved        'stylesheet',
44 silly resolved        'variables in css',
44 silly resolved        'css less' ],
44 silly resolved     dependencies:
44 silly resolved      { 'graceful-fs': '~2.0.3',
44 silly resolved        mime: '~1.2.11',
44 silly resolved        request: '~2.34.0',
44 silly resolved        mkdirp: '~0.3.5',
44 silly resolved        'clean-css': '2.1.x',
44 silly resolved        'source-map': '0.1.x' },
44 silly resolved     _id: 'less@1.7.3',
44 silly resolved     dist:
44 silly resolved      { shasum: '89acc0e8adcdb1934aa21c7611d35b97b52652a6',
44 silly resolved        tarball: 'http://registry.npmjs.org/less/-/less-1.7.3.tgz' },
44 silly resolved     _from: 'less@',
44 silly resolved     _npmVersion: '1.3.24',
44 silly resolved     _npmUser: { name: 'agatronic', email: 'luke.a.page@gmail.com' },
44 silly resolved     maintainers: [ [Object], [Object] ],
44 silly resolved     _shasum: '89acc0e8adcdb1934aa21c7611d35b97b52652a6',
44 silly resolved     _resolved: 'https://registry.npmjs.org/less/-/less-1.7.3.tgz' } ]
45 info install less@1.7.3 into /usr/local/lib
46 info installOne less@1.7.3
47 info /usr/local/lib/node_modules/less unbuild
48 verbose tar unpack /Users/Lucy/.npm/less/1.7.3/package.tgz
49 silly lockFile 7a611c47--usr-local-lib-node-modules-less tar:///usr/local/lib/node_modules/less
50 verbose lock tar:///usr/local/lib/node_modules/less /Users/Lucy/.npm/7a611c47--usr-local-lib-node-modules-less.lock
51 silly lockFile be3c4173--Lucy-npm-less-1-7-3-package-tgz tar:///Users/Lucy/.npm/less/1.7.3/package.tgz
52 verbose lock tar:///Users/Lucy/.npm/less/1.7.3/package.tgz /Users/Lucy/.npm/be3c4173--Lucy-npm-less-1-7-3-package-tgz.lock
53 silly gunzTarPerm modes [ '755', '644' ]
54 error Error: EACCES, mkdir '/usr/local/lib/node_modules/less'
54 error  { [Error: EACCES, mkdir '/usr/local/lib/node_modules/less']
54 error   errno: 3,
54 error   code: 'EACCES',
54 error   path: '/usr/local/lib/node_modules/less',
54 error   fstream_type: 'Directory',
54 error   fstream_path: '/usr/local/lib/node_modules/less',
54 error   fstream_class: 'DirWriter',
54 error   fstream_stack:
54 error    [ '/usr/local/lib/node_modules/npm/node_modules/fstream/lib/dir-writer.js:36:23',
54 error      '/usr/local/lib/node_modules/npm/node_modules/mkdirp/index.js:37:53',
54 error      'Object.oncomplete (fs.js:107:15)' ] }
55 error Please try running this command again as root/Administrator.
56 error System Darwin 12.5.0
57 error command "/usr/local/bin/node" "/usr/local/bin/npm" "install" "less" "-g"
58 error cwd /Users/Lucy/PyCharm/spudder
59 error node -v v0.10.29
60 error npm -v 1.4.14
61 error path /usr/local/lib/node_modules/less
62 error fstream_path /usr/local/lib/node_modules/less
63 error fstream_type Directory
64 error fstream_class DirWriter
65 error code EACCES
66 error errno 3
67 error stack Error: EACCES, mkdir '/usr/local/lib/node_modules/less'
68 error fstream_stack /usr/local/lib/node_modules/npm/node_modules/fstream/lib/dir-writer.js:36:23
68 error fstream_stack /usr/local/lib/node_modules/npm/node_modules/mkdirp/index.js:37:53
68 error fstream_stack Object.oncomplete (fs.js:107:15)
69 verbose exit [ 3, true ]
